This file contains any messages produced by compilers while
running configure, to aid debugging if configure makes a mistake.

It was created by lodel configure 0.1, which was
generated by GNU Autoconf 2.69.  Invocation command line was

  $ ./configure --sysconfdir=/etc --localstatedir=/var --prefix=/usr

## --------- ##
## Platform. ##
## --------- ##

hostname = hicham-OptiPlex-7040
uname -m = x86_64
uname -r = 4.9.6-040906-generic
uname -s = Linux
uname -v = #201701260330 SMP Thu Jan 26 08:32:10 UTC 2017

/usr/bin/uname -p = unknown
/bin/uname -X     = unknown

/bin/arch              = unknown
/usr/bin/arch -k       = unknown
/usr/convex/getsysinfo = unknown
/usr/bin/hostinfo      = unknown
/bin/machine           = unknown
/usr/bin/oslevel       = unknown
/bin/universe          = unknown

PATH: /home/hicham/bin
PATH: /home/hicham/.local/bin
PATH: /usr/local/sbin
PATH: /usr/local/bin
PATH: /usr/sbin
PATH: /usr/bin
PATH: /sbin
PATH: /bin
PATH: /usr/games
PATH: /usr/local/games
PATH: /snap/bin


## ----------- ##
## Core tests. ##
## ----------- ##

configure:1881: checking for a BSD-compatible install
configure:1949: result: /usr/bin/install -c
configure:1960: checking whether build environment is sane
configure:2015: result: yes
configure:2166: checking for a thread-safe mkdir -p
configure:2205: result: /bin/mkdir -p
configure:2212: checking for gawk
configure:2242: result: no
configure:2212: checking for mawk
configure:2228: found /usr/bin/mawk
configure:2239: result: mawk
configure:2250: checking whether make sets $(MAKE)
configure:2272: result: yes
configure:2301: checking whether make supports nested variables
configure:2318: result: yes
configure:2454: checking whether ln -s works
configure:2458: result: yes
configure:2828: checking for a Python interpreter with version >= 3.4.2
configure:2845: python -c import sys # split strings by '.' and convert to numeric. Append some zeros # because we need at least 4 digits for the hex conversion. # map returns an iterator in Python 3.0 and a list in 2.x minver = list(map(int, '3.4.2'.split('.'))) + [0, 0, 0] minverhex = 0 # xrange is not present in Python 3.0 and range returns an iterator for i in list(range(0, 4)): minverhex = (minverhex << 8) + minver[i] sys.exit(sys.hexversion < minverhex)
configure:2848: $? = 1
configure:2845: python2 -c import sys # split strings by '.' and convert to numeric. Append some zeros # because we need at least 4 digits for the hex conversion. # map returns an iterator in Python 3.0 and a list in 2.x minver = list(map(int, '3.4.2'.split('.'))) + [0, 0, 0] minverhex = 0 # xrange is not present in Python 3.0 and range returns an iterator for i in list(range(0, 4)): minverhex = (minverhex << 8) + minver[i] sys.exit(sys.hexversion < minverhex)
configure:2848: $? = 1
configure:2845: python3 -c import sys # split strings by '.' and convert to numeric. Append some zeros # because we need at least 4 digits for the hex conversion. # map returns an iterator in Python 3.0 and a list in 2.x minver = list(map(int, '3.4.2'.split('.'))) + [0, 0, 0] minverhex = 0 # xrange is not present in Python 3.0 and range returns an iterator for i in list(range(0, 4)): minverhex = (minverhex << 8) + minver[i] sys.exit(sys.hexversion < minverhex)
configure:2848: $? = 0
configure:2854: result: python3
configure:2862: checking for python3
configure:2880: found /usr/bin/python3
configure:2892: result: /usr/bin/python3
configure:2910: checking for python3 version
configure:2917: result: 3.5
configure:2929: checking for python3 platform
configure:2936: result: linux
configure:2966: checking for python3 script directory
configure:3001: result: ${prefix}/lib/python3/dist-packages
configure:3010: checking for python3 extension module directory
configure:3045: result: ${exec_prefix}/lib/python3/dist-packages
configure:3069: checking for python3
configure:3099: result: /usr/bin/python3
configure:3114: checking if Python >= '3.4.2'
configure:3151: chmod +x conftest.py && cp conftest.py conftest >&5
configure:3151: $? = 0
configure:3151: ./conftest
configure:3151: $? = 0
configure:3167: result: yes
configure:3177: checking if Python <= '3.6'
configure:3214: chmod +x conftest.py && cp conftest.py conftest >&5
configure:3214: $? = 0
configure:3214: ./conftest
configure:3214: $? = 0
configure:3230: result: yes
configure:3242: checking if Python >= '3.4.2'
configure:3295: result: yes
configure:3305: checking for Python 'lxml' library
configure:3331: chmod +x conftest.py && cp conftest.py conftest >&5
configure:3331: $? = 0
configure:3331: ./conftest
configure:3331: $? = 0
configure:3347: result: yes
configure:3359: checking for Python 'jinja2' library '2.7.3' <=  version 
configure:3408: chmod +x conftest.py && cp conftest.py conftest >&5
configure:3408: $? = 0
configure:3425: result: not found
configure:3434: WARNING: Module jinja2 not found but mandatory for default web interface
configure:3444: checking for Python 'werkzeug' library '0.9' <=  version 
configure:3493: chmod +x conftest.py && cp conftest.py conftest >&5
configure:3493: $? = 0
configure:3510: result: not found
configure:3519: WARNING: Module werkzeug not found but mandatory for default web interface
configure:3532: checking for Python 'pymongo' library '2.7' <=  version <= '2.8'
configure:3581: chmod +x conftest.py && cp conftest.py conftest >&5
configure:3581: $? = 0
configure:3598: result: not found
configure:3607: WARNING: Module pymongo not found. The mongodb datasource will not be able to work
configure:3623: checking for doxygen
configure:3639: found /usr/bin/doxygen
configure:3650: result: doxygen
configure:3672: checking for dot
configure:3688: found /usr/bin/dot
configure:3699: result: dot
configure:3721: checking for doxypy
configure:3737: found /usr/bin/doxypy
configure:3748: result: doxypy
configure:3912: checking that generated files are newer than configure
configure:3918: result: done
configure:3926: creating ./config.status

## ---------------------- ##
## Running config.status. ##
## ---------------------- ##

This file was extended by lodel config.status 0.1, which was
generated by GNU Autoconf 2.69.  Invocation command line was

  CONFIG_FILES    = 
  CONFIG_HEADERS  = 
  CONFIG_LINKS    = 
  CONFIG_COMMANDS = 
  $ ./config.status 

on hicham-OptiPlex-7040

config.status:774: creating Makefile
config.status:774: creating lodel/buildconf.py.am
config.status:774: creating lodel/Makefile
config.status:774: creating lodel/auth/Makefile
config.status:774: creating lodel/editorial_model/Makefile
config.status:774: creating lodel/editorial_model/translator/Makefile
config.status:774: creating lodel/leapi/Makefile
config.status:774: creating lodel/leapi/datahandlers/Makefile
config.status:774: creating lodel/plugin/Makefile
config.status:774: creating lodel/settings/Makefile
config.status:774: creating lodel/utils/Makefile
config.status:774: creating progs/Makefile
config.status:774: creating progs/slim/Makefile
config.status:774: creating lodel/plugins/Makefile
config.status:774: creating lodelsites/Makefile
configure:4966: WARNING: Mandatory components are missing for running default web UI. See up for reasons
configure:4971: WARNING: You will not be able to user mongodb datasource. See up for reasons

## ---------------- ##
## Cache variables. ##
## ---------------- ##

ac_cv_env_PYTHON_set=
ac_cv_env_PYTHON_value=
ac_cv_env_SITEPACKAGES_set=
ac_cv_env_SITEPACKAGES_value=
ac_cv_env_build_alias_set=
ac_cv_env_build_alias_value=
ac_cv_env_host_alias_set=
ac_cv_env_host_alias_value=
ac_cv_env_target_alias_set=
ac_cv_env_target_alias_value=
ac_cv_path_PYTHON=/usr/bin/python3
ac_cv_path_install='/usr/bin/install -c'
ac_cv_path_mkdir=/bin/mkdir
ac_cv_prog_AWK=mawk
ac_cv_prog_DOXYGEN=doxygen
ac_cv_prog_DOXYPY=doxypy
ac_cv_prog_GRAPHVIZ=dot
ac_cv_prog_make_make_set=yes
am_cv_make_support_nested_variables=yes
am_cv_pathless_PYTHON=python3
am_cv_python_platform=linux
am_cv_python_pyexecdir='${exec_prefix}/lib/python3/dist-packages'
am_cv_python_pythondir='${prefix}/lib/python3/dist-packages'
am_cv_python_version=3.5
pc_cv_python_module_lxml=yes
pc_cv_python_module_versionjinja22_7_3='not found'
pc_cv_python_module_versionpymongo2_72_8='not found'
pc_cv_python_module_versionwerkzeug0_9='not found'
pc_cv_python_req_version_3_4_2=yes
pc_cv_python_req_version_3_6=yes

## ----------------- ##
## Output variables. ##
## ----------------- ##

ACLOCAL='${SHELL} /home/hicham/projects/lodel2/missing aclocal-1.15'
AMTAR='$${TAR-tar}'
AM_BACKSLASH='\'
AM_DEFAULT_V='$(AM_DEFAULT_VERBOSITY)'
AM_DEFAULT_VERBOSITY='1'
AM_V='$(V)'
AUTOCONF='${SHELL} /home/hicham/projects/lodel2/missing autoconf'
AUTOHEADER='${SHELL} /home/hicham/projects/lodel2/missing autoheader'
AUTOMAKE='${SHELL} /home/hicham/projects/lodel2/missing automake-1.15'
AWK='mawk'
CYGPATH_W='echo'
DEFS='-DPACKAGE_NAME=\"lodel\" -DPACKAGE_TARNAME=\"lodel\" -DPACKAGE_VERSION=\"0.1\" -DPACKAGE_STRING=\"lodel\ 0.1\" -DPACKAGE_BUGREPORT=\"contact@openedition.org\" -DPACKAGE_URL=\"\" -DPACKAGE=\"lodel\" -DVERSION=\"0.1\"'
DOCOK='OK'
DOXYGEN='doxygen'
DOXYPY='doxypy'
ECHO_C=''
ECHO_N='-n'
ECHO_T=''
GRAPHVIZ='dot'
INSTALL_DATA='${INSTALL} -m 644'
INSTALL_PROGRAM='${INSTALL}'
INSTALL_SCRIPT='${INSTALL}'
INSTALL_STRIP_PROGRAM='$(install_sh) -c -s'
LIBOBJS=''
LIBS=''
LN_S='ln -s'
LTLIBOBJS=''
MAKEINFO='${SHELL} /home/hicham/projects/lodel2/missing makeinfo'
MKDIR_P='/bin/mkdir -p'
PACKAGE='lodel'
PACKAGE_BUGREPORT='contact@openedition.org'
PACKAGE_NAME='lodel'
PACKAGE_STRING='lodel 0.1'
PACKAGE_TARNAME='lodel'
PACKAGE_URL=''
PACKAGE_VERSION='0.1'
PATH_SEPARATOR=':'
PYMONGO='False'
PYTHON='/usr/bin/python3'
PYTHON_EXEC_PREFIX='${exec_prefix}'
PYTHON_PLATFORM='linux'
PYTHON_PREFIX='${prefix}'
PYTHON_VERSION='3.5'
SET_MAKE=''
SHELL='/bin/bash'
SITEPACKAGES=''
STRIP=''
VERSION='0.1'
WEBUI='False'
am__isrc=''
am__leading_dot='.'
am__tar='$${TAR-tar} chof - "$$tardir"'
am__untar='$${TAR-tar} xf -'
bindir='${exec_prefix}/bin'
build_alias=''
datadir='${datarootdir}'
datarootdir='${prefix}/share'
docdir='${datarootdir}/doc/${PACKAGE_TARNAME}'
dvidir='${docdir}'
exec_prefix='${prefix}'
host_alias=''
htmldir='${docdir}'
includedir='${prefix}/include'
infodir='${datarootdir}/info'
install_sh='${SHELL} /home/hicham/projects/lodel2/install-sh'
libdir='${exec_prefix}/lib'
libexecdir='${exec_prefix}/libexec'
localedir='${datarootdir}/locale'
localstatedir='/var'
mandir='${datarootdir}/man'
mkdir_p='$(MKDIR_P)'
oldincludedir='/usr/include'
pdfdir='${docdir}'
pkgpyexecdir='${pyexecdir}/lodel'
pkgpythondir='${pythondir}/lodel'
prefix='/usr'
program_transform_name='s,x,x,'
psdir='${docdir}'
pyexecdir='${exec_prefix}/lib/python3/dist-packages'
pythondir='${prefix}/lib/python3/dist-packages'
runstatedir='${localstatedir}/run'
sbindir='${exec_prefix}/sbin'
sharedstatedir='${prefix}/com'
sysconfdir='/etc'
target_alias=''

## ----------- ##
## confdefs.h. ##
## ----------- ##

/* confdefs.h */
#define PACKAGE_NAME "lodel"
#define PACKAGE_TARNAME "lodel"
#define PACKAGE_VERSION "0.1"
#define PACKAGE_STRING "lodel 0.1"
#define PACKAGE_BUGREPORT "contact@openedition.org"
#define PACKAGE_URL ""
#define PACKAGE "lodel"
#define VERSION "0.1"

configure: exit 0
